{"total": {"lines":{"total":143,"covered":111,"skipped":0,"pct":77.62},"statements":{"total":156,"covered":123,"skipped":0,"pct":78.84},"functions":{"total":44,"covered":32,"skipped":0,"pct":72.72},"branches":{"total":56,"covered":33,"skipped":0,"pct":58.92},"branchesTrue":{"total":0,"covered":0,"skipped":0,"pct":100}}
,"/Users/alecreser/Desktop/Projects/MintData/MintData-UI/src/components/monthlySpendingPieChart.tsx": {"lines":{"total":48,"covered":21,"skipped":0,"pct":43.75},"functions":{"total":16,"covered":8,"skipped":0,"pct":50},"statements":{"total":53,"covered":26,"skipped":0,"pct":49.05},"branches":{"total":19,"covered":1,"skipped":0,"pct":5.26}}
,"/Users/alecreser/Desktop/Projects/MintData/MintData-UI/src/components/grid/gridFooter.tsx": {"lines":{"total":62,"covered":58,"skipped":0,"pct":93.54},"functions":{"total":16,"covered":14,"skipped":0,"pct":87.5},"statements":{"total":65,"covered":61,"skipped":0,"pct":93.84},"branches":{"total":18,"covered":15,"skipped":0,"pct":83.33}}
,"/Users/alecreser/Desktop/Projects/MintData/MintData-UI/src/components/grid/gridHeaderColumn.tsx": {"lines":{"total":26,"covered":26,"skipped":0,"pct":100},"functions":{"total":9,"covered":8,"skipped":0,"pct":88.88},"statements":{"total":31,"covered":30,"skipped":0,"pct":96.77},"branches":{"total":17,"covered":15,"skipped":0,"pct":88.23}}
,"/Users/alecreser/Desktop/Projects/MintData/MintData-UI/src/helpers/currencyFormatter.ts": {"lines":{"total":4,"covered":3,"skipped":0,"pct":75},"functions":{"total":2,"covered":1,"skipped":0,"pct":50},"statements":{"total":4,"covered":3,"skipped":0,"pct":75},"branches":{"total":0,"covered":0,"skipped":0,"pct":100}}
,"/Users/alecreser/Desktop/Projects/MintData/MintData-UI/src/models/gridColumn.ts": {"lines":{"total":3,"covered":3,"skipped":0,"pct":100},"functions":{"total":1,"covered":1,"skipped":0,"pct":100},"statements":{"total":3,"covered":3,"skipped":0,"pct":100},"branches":{"total":2,"covered":2,"skipped":0,"pct":100}}
}
