{"total": {"lines":{"total":143,"covered":81,"skipped":0,"pct":56.64},"statements":{"total":156,"covered":93,"skipped":0,"pct":59.61},"functions":{"total":44,"covered":20,"skipped":0,"pct":45.45},"branches":{"total":56,"covered":27,"skipped":0,"pct":48.21},"branchesTrue":{"total":0,"covered":0,"skipped":0,"pct":100}}
,"/Users/alecreser/Desktop/Projects/MintData/MintData-UI/src/components/monthlySpendingPieChart.tsx": {"lines":{"total":48,"covered":21,"skipped":0,"pct":43.75},"functions":{"total":16,"covered":8,"skipped":0,"pct":50},"statements":{"total":53,"covered":26,"skipped":0,"pct":49.05},"branches":{"total":19,"covered":1,"skipped":0,"pct":5.26}}
,"/Users/alecreser/Desktop/Projects/MintData/MintData-UI/src/components/grid/gridFooter.tsx": {"lines":{"total":62,"covered":33,"skipped":0,"pct":53.22},"functions":{"total":16,"covered":5,"skipped":0,"pct":31.25},"statements":{"total":65,"covered":36,"skipped":0,"pct":55.38},"branches":{"total":18,"covered":12,"skipped":0,"pct":66.66}}
,"/Users/alecreser/Desktop/Projects/MintData/MintData-UI/src/components/grid/gridHeaderColumn.tsx": {"lines":{"total":26,"covered":21,"skipped":0,"pct":80.76},"functions":{"total":9,"covered":5,"skipped":0,"pct":55.55},"statements":{"total":31,"covered":25,"skipped":0,"pct":80.64},"branches":{"total":17,"covered":12,"skipped":0,"pct":70.58}}
,"/Users/alecreser/Desktop/Projects/MintData/MintData-UI/src/helpers/currencyFormatter.ts": {"lines":{"total":4,"covered":3,"skipped":0,"pct":75},"functions":{"total":2,"covered":1,"skipped":0,"pct":50},"statements":{"total":4,"covered":3,"skipped":0,"pct":75},"branches":{"total":0,"covered":0,"skipped":0,"pct":100}}
,"/Users/alecreser/Desktop/Projects/MintData/MintData-UI/src/models/gridColumn.ts": {"lines":{"total":3,"covered":3,"skipped":0,"pct":100},"functions":{"total":1,"covered":1,"skipped":0,"pct":100},"statements":{"total":3,"covered":3,"skipped":0,"pct":100},"branches":{"total":2,"covered":2,"skipped":0,"pct":100}}
}
